<?xml version="1.0" encoding="UTF-8"?>
<!-- Generated by org.testng.reporters.JUnitXMLReporter -->
<testsuite hostname="UTKARSH-PC" ignored="0" name="Test1" tests="1" failures="1" timestamp="2021-11-21T16:56:53 IST" time="0.026" errors="0">
  <testcase name="startBrowser" time="0.0" classname="mavenforjenkins.UITest">
    <failure type="org.testng.TestNGException" message="
Parameter &amp;apos;Browser&amp;apos; is required by @Test on method startBrowser but has not been marked @Optional or defined
in U:\GIT\GitHub\JenkinsLearning\mavenjenkins\testng.xml">
      <![CDATA[org.testng.TestNGException: 
Parameter 'Browser' is required by @Test on method startBrowser but has not been marked @Optional or defined
in U:\GIT\GitHub\JenkinsLearning\mavenjenkins\testng.xml
at java.util.ArrayList.forEach(ArrayList.java:1257)
... Removed 30 stack frames]]>
    </failure>
  </testcase> <!-- startBrowser -->
</testsuite> <!-- Test1 -->
